<?xml version="1.0" encoding="UTF-8"?>
<!-- Generated by org.testng.reporters.JUnitReportReporter -->
<testsuite hostname="JKMB125979.local" name="com.photon.runner.ExtentReportRunner" tests="1" failures="0" timestamp="14 Aug 2022 22:14:09 GMT" time="140.324" errors="0">
  <testcase name="feature" time="140.324" classname="com.photon.runner.ExtentReportRunner"/>
</testsuite> <!-- com.photon.runner.ExtentReportRunner -->
